<?xml version="1.0" encoding="UTF-8"?>
<!-- Generated by org.testng.reporters.JUnitReportReporter -->
<testsuite hostname="DESKTOP-M4GRLMR" failures="0" tests="1" name="myTestcases" time="15.858" errors="0" timestamp="2023-12-13T21:16:59 EET" skipped="0">
  <testcase classname="myTestcases" name="TestTheBrowser" time="15.858"/>
  <system-out/>
</testsuite> <!-- myTestcases -->
